<?xml version="1.0"?>
<!DOCTYPE refentry PUBLIC "-//OASIS//DTD DocBook XML V4.1.2//EN" 
               "http://www.oasis-open.org/docbook/xml/4.1.2/docbookx.dtd">
<refentry id="evolution-exchange-test-utils">
<refmeta>
<refentrytitle role="top_of_page" id="evolution-exchange-test-utils.top_of_page">test-utils</refentrytitle>
<manvolnum>3</manvolnum>
<refmiscinfo>
  EVOLUTION-EXCHANGE Library
</refmiscinfo>
</refmeta>
<refnamediv>
<refname>test-utils</refname>
<refpurpose>Utility routines for libexchange test programs</refpurpose>
</refnamediv>

<refsynopsisdiv id="evolution-exchange-test-utils.synopsis" role="synopsis">
<title role="synopsis.title">Synopsis</title>

<synopsis></synopsis>
</refsynopsisdiv>

<refsect1 id="evolution-exchange-test-utils.description" role="desc">
<title role="desc.title">Description</title>
<para>
</para>
</refsect1>
<refsect1 id="evolution-exchange-test-utils.details" role="details">
<title role="details.title">Details</title>

</refsect1>

</refentry>
